<?xml version="1.0" encoding="UTF-8"?>
<testsuite name="Scenario: can login with successfully generated account" tests="5" skipped="0" failures="0" errors="0" timestamp="2018-11-18T20:36:45" hostname="fuxi16" time="0.008">
  <properties/>
  <testcase name="Given user &quot;eero&quot; with password &quot;salainen1&quot; is created" classname="Scenario: can login with successfully generated account" time="0.001"/>
  <testcase name="And command login is selected" classname="Scenario: can login with successfully generated account" time="0.001"/>
  <testcase name="When username &quot;eero&quot; and password &quot;salainen1&quot; are entered" classname="Scenario: can login with successfully generated account" time="0.001"/>
  <testcase name="Then system will respond with &quot;logged in&quot;" classname="Scenario: can login with successfully generated account" time="0.0"/>
  <testcase name="classMethod" classname="Scenario: can login with successfully generated account" time="0.011"/>
  <system-out><![CDATA[
  Scenario: creation fails with valid username and password enough long but consisting of only letters ?[90m# ohtu/new_user.feature:23?[0m
    ?[32mGiven ?[0m?[32mcommand new user is selected?[0m                                                                 ?[90m# Stepdefs.command_new_user_is_selected()?[0m
    ?[32mWhen ?[0m?[32mWhen  username "?[0m?[32m?[1mqwert?[0m?[32m" and password "?[0m?[32m?[1mdhdagsbrtey?[0m?[32m" are entered?[0m                                 ?[90m# Stepdefs.when_username_and_password_are_entered(String,String)?[0m
    ?[32mThen ?[0m?[32msystem will respond with "?[0m?[32m?[1mnew user not registered?[0m?[32m"?[0m                                            ?[90m# Stepdefs.system_will_respond_with(String)?[0m
]]></system-out>
  <system-err><![CDATA[]]></system-err>
</testsuite>
